\BOOKMARK [0][-]{chapter.1}{Introduction}{}% 1
\BOOKMARK [1][-]{section.1.1}{Reason for selection of this theme}{chapter.1}% 2
\BOOKMARK [0][-]{chapter.2}{Indoor localization using RSS Fingerprints}{}% 3
\BOOKMARK [1][-]{section.2.1}{How does it work}{chapter.2}% 4
\BOOKMARK [1][-]{section.2.2}{Localization methods}{chapter.2}% 5
\BOOKMARK [0][-]{chapter.3}{Android Wear 2.0}{}% 6
\BOOKMARK [0][-]{chapter.4}{Analysis, design and implementation}{}% 7
\BOOKMARK [1][-]{section.4.1}{Hardware}{chapter.4}% 8
\BOOKMARK [2][-]{subsection.4.1.1}{Smart Watch}{section.4.1}% 9
\BOOKMARK [1][-]{section.4.2}{Software}{chapter.4}% 10
\BOOKMARK [2][-]{subsection.4.2.1}{Android}{section.4.2}% 11
\BOOKMARK [3][-]{section*.10}{Android Wear}{subsection.4.2.1}% 12
\BOOKMARK [2][-]{subsection.4.2.2}{AltBeacon Library}{section.4.2}% 13
\BOOKMARK [2][-]{subsection.4.2.3}{SQLite database}{section.4.2}% 14
\BOOKMARK [2][-]{subsection.4.2.4}{Couchbase database}{section.4.2}% 15
\BOOKMARK [2][-]{subsection.4.2.5}{TileView}{section.4.2}% 16
\BOOKMARK [1][-]{section.4.3}{Application structure}{chapter.4}% 17
\BOOKMARK [2][-]{subsection.4.3.1}{Mobile application}{section.4.3}% 18
\BOOKMARK [3][-]{section*.11}{Activities}{subsection.4.3.1}% 19
\BOOKMARK [3][-]{section*.12}{Model}{subsection.4.3.1}% 20
\BOOKMARK [3][-]{section*.13}{Utilities}{subsection.4.3.1}% 21
\BOOKMARK [2][-]{subsection.4.3.2}{Wear application}{section.4.3}% 22
\BOOKMARK [0][-]{chapter.5}{Testing and data analysis}{}% 23
\BOOKMARK [1][-]{section.5.1}{Data collection}{chapter.5}% 24
\BOOKMARK [1][-]{section.5.2}{Analysis}{chapter.5}% 25
\BOOKMARK [0][-]{chapter.6}{Conclusion}{}% 26
\BOOKMARK [1][-]{section.6.1}{Application improvements}{chapter.6}% 27
\BOOKMARK [0][-]{chapter*.14}{Literature}{}% 28
